<?xml version="1.0" encoding="UTF-8"?>
<!-- Generated by org.testng.reporters.JUnitReportReporter -->
<testsuite skipped="0" hostname="Semirs-MacBook-Pro.local" name="test.TestRequiredProfileFields" tests="1" failures="0" timestamp="2020-01-15T23:45:01 CET" time="8.934" errors="0">
  <testcase name="ProfileRequiredFields" time="8.934" classname="test.TestRequiredProfileFields"/>
</testsuite> <!-- test.TestRequiredProfileFields -->
