<?xml version="1.0" encoding="UTF-8"?>
<!-- Generated by org.testng.reporters.JUnitReportReporter -->
<testsuite skipped="0" hostname="Semirs-MacBook-Pro.local" name="test.TestSortingProducts" tests="2" failures="0" timestamp="2020-01-15T23:47:30 CET" time="8.464" errors="0">
  <testcase name="TestCase21" time="4.210" classname="test.TestSortingProducts"/>
  <testcase name="TestCase20" time="4.254" classname="test.TestSortingProducts"/>
</testsuite> <!-- test.TestSortingProducts -->
