<?xml version="1.0" encoding="UTF-8"?>
<!-- Generated by org.testng.reporters.JUnitReportReporter -->
<testsuite skipped="0" hostname="Semirs-MacBook-Pro.local" name="test.TestApplicationInfo" tests="3" failures="0" timestamp="2020-01-15T22:49:34 CET" time="27.730" errors="0">
  <testcase name="AboutUs" time="9.149" classname="test.TestApplicationInfo"/>
  <testcase name="TermsAndConditions" time="9.291" classname="test.TestApplicationInfo"/>
  <testcase name="PrivacyAndPolicy" time="9.290" classname="test.TestApplicationInfo"/>
</testsuite> <!-- test.TestApplicationInfo -->
