<?xml version="1.0" encoding="UTF-8"?>
<!-- Generated by org.testng.reporters.JUnitReportReporter -->
<testsuite skipped="0" hostname="Sema-PC" name="test.TestContentMenuArt" tests="1" failures="0" timestamp="2019-11-27T00:51:19 CET" time="44.279" errors="0">
  <testcase name="Accommodation" time="44.279" classname="test.TestContentMenuArt"/>
</testsuite> <!-- test.TestContentMenuArt -->
