<?xml version="1.0" encoding="UTF-8"?>
<!-- Generated by org.testng.reporters.JUnitReportReporter -->
<testsuite skipped="0" hostname="Sema-PC" name="test.TestLanguageFromEngToBs" tests="1" failures="0" timestamp="2019-11-27T00:51:20 CET" time="64.078" errors="0">
  <testcase name="ChangeFromEngToBs" time="64.078" classname="test.TestLanguageFromEngToBs"/>
</testsuite> <!-- test.TestLanguageFromEngToBs -->
