<?xml version="1.0" encoding="UTF-8"?>
<!-- Generated by org.testng.reporters.JUnitReportReporter -->
<testsuite skipped="0" hostname="Sema-PC" name="test.TestCommentSuggestionFesture" tests="1" failures="0" timestamp="2019-11-27T00:51:19 CET" time="49.814" errors="0">
  <testcase name="SuggestFeature" time="49.814" classname="test.TestCommentSuggestionFesture"/>
</testsuite> <!-- test.TestCommentSuggestionFesture -->
