<?xml version="1.0" encoding="UTF-8"?>
<!-- Generated by org.testng.reporters.JUnitReportReporter -->
<testsuite skipped="0" hostname="Sema-PC" name="test.TestZoomFeature" tests="2" failures="0" timestamp="2019-11-27T00:51:20 CET" time="0.623" errors="0">
  <testcase name="ZoomInMap" time="0.493" classname="test.TestZoomFeature"/>
  <testcase name="ZoomOutMap" time="0.130" classname="test.TestZoomFeature"/>
</testsuite> <!-- test.TestZoomFeature -->
