<?xml version="1.0" encoding="UTF-8"?>
<!-- Generated by org.testng.reporters.JUnitReportReporter -->
<testsuite skipped="0" hostname="Sema-PC" name="test.TestContentMenuAccommodation" tests="1" failures="0" timestamp="2019-11-27T00:51:20 CET" time="33.139" errors="0">
  <testcase name="Accommodation" time="33.139" classname="test.TestContentMenuAccommodation"/>
</testsuite> <!-- test.TestContentMenuAccommodation -->
