<?xml version="1.0" encoding="UTF-8"?>
<!-- Generated by org.testng.reporters.JUnitReportReporter -->
<testsuite skipped="0" hostname="Semirs-MacBook-Pro.local" name="test.TestSocialFacebookIcon" tests="1" failures="0" timestamp="2019-12-11T08:35:08 CET" time="0.296" errors="0">
  <testcase name="FacebookIcon" time="0.296" classname="test.TestSocialFacebookIcon"/>
</testsuite> <!-- test.TestSocialFacebookIcon -->
