<?xml version="1.0" encoding="UTF-8"?>
<!-- Generated by org.testng.reporters.JUnitReportReporter -->
<testsuite skipped="0" hostname="Semirs-MacBook-Pro.local" name="test.TestCreateObjectFeature" tests="1" failures="0" timestamp="2019-12-11T08:35:08 CET" time="1.205" errors="0">
  <testcase name="CreatePlaceTest" time="1.205" classname="test.TestCreateObjectFeature"/>
</testsuite> <!-- test.TestCreateObjectFeature -->
