<?xml version="1.0" encoding="UTF-8"?>
<!-- Generated by org.testng.reporters.JUnitReportReporter -->
<testsuite skipped="0" hostname="Semirs-MacBook-Pro.local" name="test.SmokeTest" tests="2" failures="0" timestamp="2019-12-12T14:50:06 CET" time="14.729" errors="0">
  <testcase name="LoginPage" time="0.413" classname="test.SmokeTest"/>
  <testcase name="HomePage" time="14.316" classname="test.SmokeTest"/>
</testsuite> <!-- test.SmokeTest -->
