<?xml version="1.0" encoding="UTF-8"?>
<!-- Generated by org.testng.reporters.JUnitReportReporter -->
<testsuite skipped="0" hostname="Semirs-MacBook-Pro.local" name="test.TestContentMenuAccommodation" tests="1" failures="0" timestamp="2019-12-10T16:57:09 CET" time="0.955" errors="0">
  <testcase name="Accommodation" time="0.955" classname="test.TestContentMenuAccommodation"/>
</testsuite> <!-- test.TestContentMenuAccommodation -->
