<?xml version="1.0" encoding="UTF-8"?>
<!-- Generated by org.testng.reporters.JUnitReportReporter -->
<testsuite skipped="0" hostname="Semirs-MacBook-Pro.local" name="test.TestZoomFeature" tests="2" failures="0" timestamp="2019-12-05T22:35:37 CET" time="0.047" errors="0">
  <testcase name="ZoomInMap" time="0.031" classname="test.TestZoomFeature"/>
  <testcase name="ZoomOutMap" time="0.016" classname="test.TestZoomFeature"/>
</testsuite> <!-- test.TestZoomFeature -->
