<?xml version="1.0" encoding="UTF-8"?>
<!-- Generated by org.testng.reporters.JUnitReportReporter -->
<testsuite skipped="1" hostname="Sema-PC" name="test.TestSuggestionFesture" tests="1" failures="0" timestamp="2019-11-28T21:05:05 CET" time="0.000" errors="0">
  <testcase name="SuggestFeature" time="0.000" classname="test.TestSuggestionFesture">
    <skipped/>
  </testcase> <!-- SuggestFeature -->
</testsuite> <!-- test.TestSuggestionFesture -->
