<?xml version="1.0" encoding="UTF-8"?>
<!-- Generated by org.testng.reporters.JUnitReportReporter -->
<testsuite skipped="1" hostname="Sema-PC" name="test.TestCreateObjectFeature" tests="1" failures="0" timestamp="2019-11-28T21:05:05 CET" time="0.000" errors="0">
  <testcase name="CreatePlaceTest" time="0.000" classname="test.TestCreateObjectFeature">
    <skipped/>
  </testcase> <!-- CreatePlaceTest -->
</testsuite> <!-- test.TestCreateObjectFeature -->
