<?xml version="1.0" encoding="UTF-8"?>
<!-- Generated by org.testng.reporters.JUnitReportReporter -->
<testsuite skipped="0" hostname="Sema-PC" name="test.TestContentMenuSarajevoTheatres" tests="1" failures="0" timestamp="2019-11-27T00:17:31 CET" time="1.830" errors="0">
  <testcase name="Accommodation" time="1.830" classname="test.TestContentMenuSarajevoTheatres"/>
</testsuite> <!-- test.TestContentMenuSarajevoTheatres -->
