<?xml version="1.0" encoding="UTF-8"?>
<!-- Generated by org.testng.reporters.JUnitReportReporter -->
<testsuite skipped="0" hostname="Semirs-MacBook-Pro.local" name="test.TestCommentSuggestionFesture" tests="1" failures="0" timestamp="2019-12-10T16:57:09 CET" time="1.506" errors="0">
  <testcase name="SuggestFeature" time="1.506" classname="test.TestCommentSuggestionFesture"/>
</testsuite> <!-- test.TestCommentSuggestionFesture -->
