<?xml version="1.0" encoding="UTF-8"?>
<!-- Generated by org.testng.reporters.JUnitReportReporter -->
<testsuite skipped="0" hostname="Semirs-MacBook-Pro.local" name="test.TestZoomFeature" tests="2" failures="0" timestamp="2019-12-11T08:35:08 CET" time="0.043" errors="0">
  <testcase name="ZoomInMap" time="0.028" classname="test.TestZoomFeature"/>
  <testcase name="ZoomOutMap" time="0.015" classname="test.TestZoomFeature"/>
</testsuite> <!-- test.TestZoomFeature -->
