<?xml version="1.0" encoding="UTF-8"?>
<!-- Generated by org.testng.reporters.JUnitReportReporter -->
<testsuite skipped="2" hostname="Sema-PC" name="test.TestZoomFeature" tests="2" failures="0" timestamp="2019-11-28T21:05:05 CET" time="0.000" errors="0">
  <testcase name="ZoomInMap" time="0.000" classname="test.TestZoomFeature">
    <skipped/>
  </testcase> <!-- ZoomInMap -->
  <testcase name="ZoomOutMap" time="0.000" classname="test.TestZoomFeature">
    <skipped/>
  </testcase> <!-- ZoomOutMap -->
</testsuite> <!-- test.TestZoomFeature -->
