<?xml version="1.0" encoding="UTF-8"?>
<!-- Generated by org.testng.reporters.JUnitReportReporter -->
<testsuite skipped="0" hostname="Semirs-MacBook-Pro.local" name="test.TestSuggestionFesture" tests="1" failures="0" timestamp="2019-12-05T22:35:37 CET" time="0.869" errors="0">
  <testcase name="SuggestFeature" time="0.869" classname="test.TestSuggestionFesture"/>
</testsuite> <!-- test.TestSuggestionFesture -->
