<?xml version="1.0" encoding="UTF-8"?>
<!-- Generated by org.testng.reporters.JUnitReportReporter -->
<testsuite skipped="0" hostname="Semirs-MacBook-Pro.local" name="test.TestContentMenuArt" tests="1" failures="0" timestamp="2019-12-04T19:36:52 CET" time="1.270" errors="0">
  <testcase name="Accommodation" time="1.270" classname="test.TestContentMenuArt"/>
</testsuite> <!-- test.TestContentMenuArt -->
