<?xml version="1.0" encoding="UTF-8"?>
<!-- Generated by org.testng.reporters.JUnitReportReporter -->
<testsuite skipped="0" hostname="Semirs-MacBook-Pro.local" name="test.anotation$MyFirstTest" tests="1" failures="0" timestamp="2020-01-07T10:23:09 CET" time="0.007" errors="0">
  <testcase name="testCase" time="0.007" classname="test.anotation$MyFirstTest"/>
</testsuite> <!-- test.anotation$MyFirstTest -->
