<?xml version="1.0" encoding="UTF-8"?>
<!-- Generated by org.testng.reporters.JUnitReportReporter -->
<testsuite skipped="0" hostname="Semirs-MacBook-Pro.local" name="test.TestProductCategories" tests="1" failures="0" timestamp="2020-01-13T17:36:32 CET" time="32.898" errors="0">
  <testcase name="Categories" time="32.898" classname="test.TestProductCategories"/>
</testsuite> <!-- test.TestProductCategories -->
