<?xml version="1.0" encoding="UTF-8"?>
<!-- Generated by org.testng.reporters.JUnitReportReporter -->
<testsuite skipped="0" hostname="Semirs-MacBook-Pro.local" name="test.SmokeTest" tests="2" failures="0" timestamp="2020-01-08T20:12:00 CET" time="10.926" errors="0">
  <testcase name="LoginPage" time="1.431" classname="test.SmokeTest"/>
  <testcase name="HomePage" time="9.495" classname="test.SmokeTest"/>
</testsuite> <!-- test.SmokeTest -->
