<?xml version="1.0" encoding="UTF-8"?>
<!-- Generated by org.testng.reporters.JUnitReportReporter -->
<testsuite skipped="0" hostname="Semirs-MacBook-Pro.local" name="test.TestAllProfileFields" tests="1" failures="0" timestamp="2020-01-10T22:44:35 CET" time="11.682" errors="0">
  <testcase name="OpenProfile" time="11.682" classname="test.TestAllProfileFields"/>
</testsuite> <!-- test.TestAllProfileFields -->
