<?xml version="1.0" encoding="UTF-8"?>
<!-- Generated by org.testng.reporters.JUnitReportReporter -->
<testsuite skipped="0" hostname="Semirs-MacBook-Pro.local" name="test.TestAllProfileFieldsWithInvalidInputs" tests="1" failures="0" timestamp="2020-01-04T16:48:55 CET" time="6.117" errors="0">
  <testcase name="InvalidRequiredField" time="6.117" classname="test.TestAllProfileFieldsWithInvalidInputs"/>
</testsuite> <!-- test.TestAllProfileFieldsWithInvalidInputs -->
