<?xml version="1.0" encoding="UTF-8"?>
<!-- Generated by org.testng.reporters.JUnitReportReporter -->
<testsuite skipped="0" hostname="Semirs-MacBook-Pro.local" name="test.TestApplicationInfo" tests="3" failures="0" timestamp="2020-01-13T17:32:15 CET" time="27.669" errors="0">
  <testcase name="AboutUs" time="9.132" classname="test.TestApplicationInfo"/>
  <testcase name="TermsAndConditions" time="9.267" classname="test.TestApplicationInfo"/>
  <testcase name="PrivacyAndPolicy" time="9.270" classname="test.TestApplicationInfo"/>
</testsuite> <!-- test.TestApplicationInfo -->
