<?xml version="1.0" encoding="UTF-8"?>
<!-- Generated by org.testng.reporters.JUnitReportReporter -->
<testsuite skipped="0" hostname="Semirs-MacBook-Pro.local" name="test.TestPlaceBid" tests="3" failures="0" timestamp="2020-01-11T00:54:13 CET" time="23.723" errors="0">
  <testcase name="TestCase16" time="4.399" classname="test.TestPlaceBid"/>
  <testcase name="TestCase17" time="9.688" classname="test.TestPlaceBid"/>
  <testcase name="TestCase18" time="9.636" classname="test.TestPlaceBid"/>
</testsuite> <!-- test.TestPlaceBid -->
