<?xml version="1.0" encoding="UTF-8"?>
<!-- Generated by org.testng.reporters.JUnitReportReporter -->
<testsuite skipped="0" hostname="Semirs-MacBook-Pro.local" name="test.Register" tests="1" failures="0" timestamp="2020-01-08T18:30:58 CET" time="0.021" errors="0">
  <testcase name="main" time="0.021" classname="test.Register"/>
</testsuite> <!-- test.Register -->
