<?xml version="1.0" encoding="UTF-8"?>
<!-- Generated by org.testng.reporters.JUnitReportReporter -->
<testsuite skipped="0" hostname="Semirs-MacBook-Pro.local" name="test.SmokeTest" tests="2" failures="0" timestamp="2020-01-10T10:21:26 CET" time="11.123" errors="0">
  <testcase name="LoginPage" time="1.446" classname="test.SmokeTest"/>
  <testcase name="HomePage" time="9.677" classname="test.SmokeTest"/>
</testsuite> <!-- test.SmokeTest -->
