<?xml version="1.0" encoding="UTF-8"?>
<!-- Generated by org.testng.reporters.JUnitReportReporter -->
<testsuite skipped="0" hostname="Semirs-MacBook-Pro.local" name="test.TestSortingProducts" tests="2" failures="0" timestamp="2020-01-13T17:32:15 CET" time="8.425" errors="0">
  <testcase name="TestCase20" time="4.244" classname="test.TestSortingProducts"/>
  <testcase name="TestCase21" time="4.181" classname="test.TestSortingProducts"/>
</testsuite> <!-- test.TestSortingProducts -->
