<?xml version="1.0" encoding="UTF-8"?>
<!-- Generated by org.testng.reporters.JUnitReportReporter -->
<testsuite skipped="0" hostname="cable-77-221-4-137.dynamic.telemach.ba" name="test.TestRequiredProfileFields" tests="1" failures="0" timestamp="2020-01-08T13:57:42 CET" time="8.759" errors="0">
  <testcase name="ProfileRequiredFields" time="8.759" classname="test.TestRequiredProfileFields"/>
</testsuite> <!-- test.TestRequiredProfileFields -->
