<?xml version="1.0" encoding="UTF-8"?>
<!-- Generated by org.testng.reporters.JUnitReportReporter -->
<testsuite skipped="0" hostname="Semirs-MacBook-Pro.local" name="test.TestPlaceBid" tests="3" failures="0" timestamp="2020-01-13T17:32:15 CET" time="27.172" errors="0">
  <testcase name="TestHighesBid" time="7.819" classname="test.TestPlaceBid"/>
  <testcase name="TestLowestBid" time="9.655" classname="test.TestPlaceBid"/>
  <testcase name="TestEquelBid" time="9.698" classname="test.TestPlaceBid"/>
</testsuite> <!-- test.TestPlaceBid -->
