<?xml version="1.0" encoding="UTF-8"?>
<!-- Generated by org.testng.reporters.JUnitReportReporter -->
<testsuite skipped="0" hostname="Semirs-MacBook-Pro.local" name="test.TestCreateAccount" tests="1" failures="0" timestamp="2020-01-04T17:08:45 CET" time="7.392" errors="0">
  <testcase name="CreateAccount" time="7.392" classname="test.TestCreateAccount"/>
</testsuite> <!-- test.TestCreateAccount -->
