<?xml version="1.0" encoding="UTF-8"?>
<!-- Generated by org.testng.reporters.JUnitReportReporter -->
<testsuite skipped="0" hostname="Semirs-MacBook-Pro.local" name="test.TestAboutApplication" tests="3" failures="0" timestamp="2020-01-11T20:05:50 CET" time="18.686" errors="0">
  <testcase name="AboutUs" time="6.130" classname="test.TestAboutApplication"/>
  <testcase name="TermsAndConditions" time="6.283" classname="test.TestAboutApplication"/>
  <testcase name="PrivacyAndPolicy" time="6.273" classname="test.TestAboutApplication"/>
</testsuite> <!-- test.TestAboutApplication -->
