<?xml version="1.0" encoding="UTF-8"?>
<!-- Generated by org.testng.reporters.JUnitReportReporter -->
<testsuite skipped="0" hostname="cable-77-221-4-137.dynamic.telemach.ba" name="test.SmokeTest" tests="2" failures="0" timestamp="2020-01-14T13:49:43 CET" time="10.050" errors="0">
  <testcase name="LoginPage" time="0.431" classname="test.SmokeTest"/>
  <testcase name="HomePage" time="9.619" classname="test.SmokeTest"/>
</testsuite> <!-- test.SmokeTest -->
