<?xml version="1.0" encoding="UTF-8"?>
<!-- Generated by org.testng.reporters.JUnitReportReporter -->
<testsuite skipped="0" hostname="cable-77-221-4-137.dynamic.telemach.ba" name="test.TestSortingProducts" tests="2" failures="0" timestamp="2020-01-08T13:59:29 CET" time="8.451" errors="0">
  <testcase name="TestCase21" time="4.194" classname="test.TestSortingProducts"/>
  <testcase name="TestCase20" time="4.257" classname="test.TestSortingProducts"/>
</testsuite> <!-- test.TestSortingProducts -->
