<?xml version="1.0" encoding="UTF-8"?>
<!-- Generated by org.testng.reporters.JUnitReportReporter -->
<testsuite skipped="0" hostname="Semirs-MacBook-Pro.local" name="test.TestYourBids" tests="1" failures="0" timestamp="2020-01-11T08:48:27 CET" time="13.994" errors="0">
  <testcase name="YourBids" time="13.994" classname="test.TestYourBids"/>
</testsuite> <!-- test.TestYourBids -->
