<?xml version="1.0" encoding="UTF-8"?>
<!-- Generated by org.testng.reporters.JUnitReportReporter -->
<testsuite skipped="0" hostname="Semirs-MacBook-Pro.local" name="test.SmokeTest" tests="2" failures="0" timestamp="2020-01-04T15:07:28 CET" time="10.076" errors="0">
  <testcase name="LoginPage" time="0.395" classname="test.SmokeTest"/>
  <testcase name="HomePage" time="9.681" classname="test.SmokeTest"/>
</testsuite> <!-- test.SmokeTest -->
