<?xml version="1.0" encoding="UTF-8"?>
<!-- Generated by org.testng.reporters.JUnitReportReporter -->
<testsuite skipped="0" hostname="Semirs-MacBook-Pro.local" name="test.SmokeTest" tests="2" failures="0" timestamp="2020-01-14T10:56:44 CET" time="9.987" errors="0">
  <testcase name="LoginPage" time="0.374" classname="test.SmokeTest"/>
  <testcase name="HomePage" time="9.613" classname="test.SmokeTest"/>
</testsuite> <!-- test.SmokeTest -->
