<?xml version="1.0" encoding="UTF-8"?>
<!-- Generated by org.testng.reporters.JUnitReportReporter -->
<testsuite skipped="0" hostname="Semirs-MacBook-Pro.local" name="test.TestBecomeSeller" tests="2" failures="0" timestamp="2020-01-09T23:46:27 CET" time="33.069" errors="0">
  <testcase name="StartSellingProduct" time="24.750" classname="test.TestBecomeSeller"/>
  <testcase name="CheckSetProduct" time="8.319" classname="test.TestBecomeSeller"/>
</testsuite> <!-- test.TestBecomeSeller -->
