<?xml version="1.0" encoding="UTF-8"?>
<!-- Generated by org.testng.reporters.JUnitReportReporter -->
<testsuite skipped="0" hostname="Semirs-MacBook-Pro.local" name="test.TestRequiredProfileFields" tests="1" failures="0" timestamp="2020-01-05T00:05:25 CET" time="5.523" errors="0">
  <testcase name="ProfileRequiredFields" time="5.523" classname="test.TestRequiredProfileFields"/>
</testsuite> <!-- test.TestRequiredProfileFields -->
