<?xml version="1.0" encoding="UTF-8"?>
<!-- Generated by org.testng.reporters.JUnitReportReporter -->
<testsuite skipped="0" hostname="Semirs-MacBook-Pro.local" name="test.TestYourBids" tests="1" failures="0" timestamp="2020-01-15T23:50:28 CET" time="19.364" errors="0">
  <testcase name="YourBids" time="19.364" classname="test.TestYourBids"/>
</testsuite> <!-- test.TestYourBids -->
