<?xml version="1.0" encoding="UTF-8"?>
<!-- Generated by org.testng.reporters.JUnitReportReporter -->
<testsuite skipped="0" hostname="Semirs-MacBook-Pro.local" name="test.TestBecomeSeller" tests="2" failures="0" timestamp="2020-01-11T08:27:53 CET" time="33.284" errors="0">
  <testcase name="StartSellingProduct" time="24.969" classname="test.TestBecomeSeller"/>
  <testcase name="CheckSetProduct" time="8.315" classname="test.TestBecomeSeller"/>
</testsuite> <!-- test.TestBecomeSeller -->
