<?xml version="1.0" encoding="UTF-8"?>
<!-- Generated by org.testng.reporters.JUnitReportReporter -->
<testsuite skipped="0" hostname="cable-77-221-4-137.dynamic.telemach.ba" name="test.TestAllProfileFields" tests="1" failures="0" timestamp="2020-01-16T12:53:52 CET" time="12.170" errors="0">
  <testcase name="OpenProfile" time="12.170" classname="test.TestAllProfileFields"/>
</testsuite> <!-- test.TestAllProfileFields -->
