<?xml version="1.0" encoding="UTF-8"?>
<!-- Generated by org.testng.reporters.JUnitReportReporter -->
<testsuite skipped="0" hostname="Semirs-MacBook-Pro.local" name="test.TestBecomeSeller" tests="2" failures="0" timestamp="2020-01-08T22:25:42 CET" time="29.920" errors="0">
  <testcase name="StartSellingProduct" time="21.258" classname="test.TestBecomeSeller"/>
  <testcase name="CheckSetProduct" time="8.662" classname="test.TestBecomeSeller"/>
</testsuite> <!-- test.TestBecomeSeller -->
