<?xml version="1.0" encoding="UTF-8"?>
<!-- Generated by org.testng.reporters.JUnitReportReporter -->
<testsuite skipped="0" hostname="Semirs-MacBook-Pro.local" name="test.SmokeTest" tests="2" failures="0" timestamp="2020-01-08T19:13:23 CET" time="11.090" errors="0">
  <testcase name="LoginPage" time="1.402" classname="test.SmokeTest"/>
  <testcase name="HomePage" time="9.688" classname="test.SmokeTest"/>
</testsuite> <!-- test.SmokeTest -->
