<?xml version="1.0" encoding="UTF-8"?>
<!-- Generated by org.testng.reporters.JUnitReportReporter -->
<testsuite skipped="0" hostname="Semirs-MacBook-Pro.local" name="test.TestPlaceBid" tests="3" failures="0" timestamp="2020-01-04T17:22:49 CET" time="23.879" errors="0">
  <testcase name="TestCase16" time="4.437" classname="test.TestPlaceBid"/>
  <testcase name="TestCase18" time="9.714" classname="test.TestPlaceBid"/>
  <testcase name="TestCase17" time="9.728" classname="test.TestPlaceBid"/>
</testsuite> <!-- test.TestPlaceBid -->
