<?xml version="1.0" encoding="UTF-8"?>
<!-- Generated by org.testng.reporters.JUnitReportReporter -->
<testsuite skipped="0" hostname="Semirs-MacBook-Pro.local" name="test.TestYourBids" tests="1" failures="0" timestamp="2020-01-13T17:35:36 CET" time="14.278" errors="0">
  <testcase name="YourBids" time="14.278" classname="test.TestYourBids"/>
</testsuite> <!-- test.TestYourBids -->
