<?xml version="1.0" encoding="UTF-8"?>
<!-- Generated by org.testng.reporters.JUnitReportReporter -->
<testsuite skipped="0" hostname="Semirs-MacBook-Pro.local" name="test.TestSearchOption" tests="1" failures="0" timestamp="2020-01-11T22:39:02 CET" time="6.459" errors="0">
  <testcase name="SearchOption" time="6.459" classname="test.TestSearchOption"/>
</testsuite> <!-- test.TestSearchOption -->
