<?xml version="1.0" encoding="UTF-8"?>
<!-- Generated by org.testng.reporters.JUnitReportReporter -->
<testsuite skipped="0" hostname="Semirs-MacBook-Pro.local" name="test.SmokeTest" tests="2" failures="0" timestamp="2020-01-12T19:58:40 CET" time="11.621" errors="0">
  <testcase name="LoginPage" time="1.441" classname="test.SmokeTest"/>
  <testcase name="HomePage" time="10.180" classname="test.SmokeTest"/>
</testsuite> <!-- test.SmokeTest -->
