<?xml version="1.0" encoding="UTF-8"?>
<!-- Generated by org.testng.reporters.JUnitReportReporter -->
<testsuite skipped="0" hostname="Semirs-MacBook-Pro.local" name="test.TestRequiredProfileFields" tests="1" failures="0" timestamp="2020-01-10T22:51:30 CET" time="8.933" errors="0">
  <testcase name="ProfileRequiredFields" time="8.933" classname="test.TestRequiredProfileFields"/>
</testsuite> <!-- test.TestRequiredProfileFields -->
