<?xml version="1.0" encoding="UTF-8"?>
<!-- Generated by org.testng.reporters.JUnitReportReporter -->
<testsuite skipped="0" hostname="cable-77-221-4-137.dynamic.telemach.ba" name="test.TestCreateAccount" tests="1" failures="0" timestamp="2020-01-15T15:44:46 CET" time="4.900" errors="0">
  <testcase name="CreateAccount" time="4.900" classname="test.TestCreateAccount"/>
</testsuite> <!-- test.TestCreateAccount -->
