<?xml version="1.0" encoding="UTF-8"?>
<!-- Generated by org.testng.reporters.JUnitReportReporter -->
<testsuite skipped="0" hostname="Semirs-MacBook-Pro.local" name="test.Register" tests="1" failures="0" timestamp="2020-01-08T21:48:37 CET" time="0.027" errors="0">
  <testcase name="CheckSetProduct" time="0.027" classname="test.Register"/>
</testsuite> <!-- test.Register -->
