<?xml version="1.0" encoding="UTF-8"?>
<!-- Generated by org.testng.reporters.JUnitReportReporter -->
<testsuite skipped="0" hostname="cable-77-221-4-137.dynamic.telemach.ba" name="test.SmokeTest" tests="2" failures="0" timestamp="2020-01-16T14:31:29 CET" time="14.140" errors="0">
  <testcase name="LoginPage" time="4.539" classname="test.SmokeTest"/>
  <testcase name="HomePage" time="9.601" classname="test.SmokeTest"/>
</testsuite> <!-- test.SmokeTest -->
