<?xml version="1.0" encoding="UTF-8"?>
<!-- Generated by org.testng.reporters.JUnitReportReporter -->
<testsuite skipped="0" hostname="Semirs-MacBook-Pro.local" name="test.TestPlaceBid" tests="3" failures="0" timestamp="2020-01-15T23:43:06 CET" time="23.723" errors="0">
  <testcase name="TestHighesBid" time="4.408" classname="test.TestPlaceBid"/>
  <testcase name="TestLowestBid" time="9.658" classname="test.TestPlaceBid"/>
  <testcase name="TestEquelBid" time="9.657" classname="test.TestPlaceBid"/>
</testsuite> <!-- test.TestPlaceBid -->
