<?xml version="1.0" encoding="UTF-8"?>
<!-- Generated by org.testng.reporters.JUnitReportReporter -->
<testsuite skipped="0" hostname="Semirs-MacBook-Pro.local" name="test.SmokeTest" tests="2" failures="0" timestamp="2020-01-13T17:32:15 CET" time="23.081" errors="0">
  <testcase name="LoginPage" time="1.480" classname="test.SmokeTest"/>
  <testcase name="HomePage" time="21.601" classname="test.SmokeTest"/>
</testsuite> <!-- test.SmokeTest -->
